[CommunicationLog]
R [01D51F94] : 0
S [01D51F94] : (41006BDE00001)
R [01D51F94] : 0
S [01D51F94] : (41006BD000001)
R [01D51F75] : 0000400000000C04E75026F4C752300000000000000000000000000007528752000450E208B04000F9200
S [01D51F75] : (40)
R [01D51F56] : 0
S [01D51F56] : (21)
R [01D51F56] : 0
S [01D51F56] : 0B
R [01D51F56] : 0
S [01D51F56] : (0B)
R [01D51F37] : 000
S [01D51F37] : (7D)
R [01D51F37] : 002000080001
S [01D51F37] : (75)
R [01D51F37] : 0FFFFFFD000000000
S [01D51F37] : (78)
R [01D51F37] : 04000000E208B
S [01D51F37] : (34)
R [01D51F37] : 0
S [01D51F37] : (C0EE1B8EE20B0)
R [01D51F37] : 0
S [01D51F37] : (C006F1206F190)
R [01D51F37] : 0
S [01D51F37] : (C0D4554D45630)
R [01D51F37] : 0
S [01D51F37] : (C00042E0043D0)
R [01D51F37] : 0
S [01D51F37] : (C0EE190EE1B70)
